[2023-05-26 22:34:01] [ ERROR] [DaoOdontologo:121] Violación de indice de Unicidad ó Clave primaria: "PRIMARY KEY ON PUBLIC.ODONTOLOGO(NUMERO_MATRICULA) ( /* key:2 */ 2, 'Michael', 'Fernandez')"
Unique index or primary key violation: "PRIMARY KEY ON PUBLIC.ODONTOLOGO(NUMERO_MATRICULA) ( /* key:2 */ 2, 'Michael', 'Fernandez')"; SQL statement:
INSERT INTO odontologo(numero_matricula, nombre, apellido) VALUES(?, ?, ?) [23505-214]
[2023-05-26 22:44:32] [ ERROR] [DaoOdontologo:121] Violación de indice de Unicidad ó Clave primaria: "PRIMARY KEY ON PUBLIC.ODONTOLOGO(NUMERO_MATRICULA) ( /* key:2 */ 2, 'Michael', 'Fernandez')"
Unique index or primary key violation: "PRIMARY KEY ON PUBLIC.ODONTOLOGO(NUMERO_MATRICULA) ( /* key:2 */ 2, 'Michael', 'Fernandez')"; SQL statement:
INSERT INTO odontologo(numero_matricula, nombre, apellido) VALUES(?, ?, ?) [23505-214]
[2023-05-26 22:47:55] [ ERROR] [DaoOdontologo:121] Violación de indice de Unicidad ó Clave primaria: "PRIMARY KEY ON PUBLIC.ODONTOLOGO(NUMERO_MATRICULA) ( /* key:2 */ 2, 'Michael', 'Fernandez')"
Unique index or primary key violation: "PRIMARY KEY ON PUBLIC.ODONTOLOGO(NUMERO_MATRICULA) ( /* key:2 */ 2, 'Michael', 'Fernandez')"; SQL statement:
INSERT INTO odontologo(numero_matricula, nombre, apellido) VALUES(?, ?, ?) [23505-214]
[2023-05-26 22:49:04] [ ERROR] [DaoOdontologo:121] Violación de indice de Unicidad ó Clave primaria: "PRIMARY KEY ON PUBLIC.ODONTOLOGO(NUMERO_MATRICULA) ( /* key:2 */ 2, 'Michael', 'Fernandez')"
Unique index or primary key violation: "PRIMARY KEY ON PUBLIC.ODONTOLOGO(NUMERO_MATRICULA) ( /* key:2 */ 2, 'Michael', 'Fernandez')"; SQL statement:
INSERT INTO odontologo(numero_matricula, nombre, apellido) VALUES(?, ?, ?) [23505-214]
[2023-05-26 22:51:30] [ ERROR] [DaoOdontologo:121] Violación de indice de Unicidad ó Clave primaria: "PRIMARY KEY ON PUBLIC.ODONTOLOGO(NUMERO_MATRICULA) ( /* key:2 */ 2, 'Michael', 'Fernandez')"
Unique index or primary key violation: "PRIMARY KEY ON PUBLIC.ODONTOLOGO(NUMERO_MATRICULA) ( /* key:2 */ 2, 'Michael', 'Fernandez')"; SQL statement:
INSERT INTO odontologo(numero_matricula, nombre, apellido) VALUES(?, ?, ?) [23505-214]
[2023-05-26 22:51:59] [ ERROR] [DaoOdontologo:121] Violación de indice de Unicidad ó Clave primaria: "PRIMARY KEY ON PUBLIC.ODONTOLOGO(NUMERO_MATRICULA) ( /* key:2 */ 2, 'Michael', 'Fernandez')"
Unique index or primary key violation: "PRIMARY KEY ON PUBLIC.ODONTOLOGO(NUMERO_MATRICULA) ( /* key:2 */ 2, 'Michael', 'Fernandez')"; SQL statement:
INSERT INTO odontologo(numero_matricula, nombre, apellido) VALUES(?, ?, ?) [23505-214]
[2023-05-26 22:52:11] [ ERROR] [DaoOdontologo:121] Violación de indice de Unicidad ó Clave primaria: "PRIMARY KEY ON PUBLIC.ODONTOLOGO(NUMERO_MATRICULA) ( /* key:2 */ 2, 'Michael', 'Fernandez')"
Unique index or primary key violation: "PRIMARY KEY ON PUBLIC.ODONTOLOGO(NUMERO_MATRICULA) ( /* key:2 */ 2, 'Michael', 'Fernandez')"; SQL statement:
INSERT INTO odontologo(numero_matricula, nombre, apellido) VALUES(?, ?, ?) [23505-214]
[2023-05-26 22:52:43] [ ERROR] [DaoOdontologo:121] Violación de indice de Unicidad ó Clave primaria: "PRIMARY KEY ON PUBLIC.ODONTOLOGO(NUMERO_MATRICULA) ( /* key:2 */ 2, 'Michael', 'Fernandez')"
Unique index or primary key violation: "PRIMARY KEY ON PUBLIC.ODONTOLOGO(NUMERO_MATRICULA) ( /* key:2 */ 2, 'Michael', 'Fernandez')"; SQL statement:
INSERT INTO odontologo(numero_matricula, nombre, apellido) VALUES(?, ?, ?) [23505-214]
[2023-05-26 22:53:35] [ ERROR] [DaoOdontologo:121] Violación de indice de Unicidad ó Clave primaria: "PRIMARY KEY ON PUBLIC.ODONTOLOGO(NUMERO_MATRICULA) ( /* key:2 */ 2, 'Michael', 'Fernandez')"
Unique index or primary key violation: "PRIMARY KEY ON PUBLIC.ODONTOLOGO(NUMERO_MATRICULA) ( /* key:2 */ 2, 'Michael', 'Fernandez')"; SQL statement:
INSERT INTO odontologo(numero_matricula, nombre, apellido) VALUES(?, ?, ?) [23505-214]
[2023-05-26 22:54:08] [ ERROR] [DaoOdontologo:121] Violación de indice de Unicidad ó Clave primaria: "PRIMARY KEY ON PUBLIC.ODONTOLOGO(NUMERO_MATRICULA) ( /* key:2 */ 2, 'Michael', 'Fernandez')"
Unique index or primary key violation: "PRIMARY KEY ON PUBLIC.ODONTOLOGO(NUMERO_MATRICULA) ( /* key:2 */ 2, 'Michael', 'Fernandez')"; SQL statement:
INSERT INTO odontologo(numero_matricula, nombre, apellido) VALUES(?, ?, ?) [23505-214]
[2023-05-26 23:18:37] [ ERROR] [DaoOdontologo:121] Violación de indice de Unicidad ó Clave primaria: "PRIMARY KEY ON PUBLIC.ODONTOLOGO(NUMERO_MATRICULA) ( /* key:2 */ 2, 'Michael', 'Fernandez')"
Unique index or primary key violation: "PRIMARY KEY ON PUBLIC.ODONTOLOGO(NUMERO_MATRICULA) ( /* key:2 */ 2, 'Michael', 'Fernandez')"; SQL statement:
INSERT INTO odontologo(numero_matricula, nombre, apellido) VALUES(?, ?, ?) [23505-214]
[2023-05-26 23:19:16] [ ERROR] [DaoOdontologo:121] Violación de indice de Unicidad ó Clave primaria: "PRIMARY KEY ON PUBLIC.ODONTOLOGO(NUMERO_MATRICULA) ( /* key:2 */ 2, 'Michael', 'Fernandez')"
Unique index or primary key violation: "PRIMARY KEY ON PUBLIC.ODONTOLOGO(NUMERO_MATRICULA) ( /* key:2 */ 2, 'Michael', 'Fernandez')"; SQL statement:
INSERT INTO odontologo(numero_matricula, nombre, apellido) VALUES(?, ?, ?) [23505-214]
[2023-05-26 23:21:30] [ ERROR] [DaoOdontologo:121] Violación de indice de Unicidad ó Clave primaria: "PRIMARY KEY ON PUBLIC.ODONTOLOGO(NUMERO_MATRICULA) ( /* key:2 */ 2, 'Michael', 'Fernandez')"
Unique index or primary key violation: "PRIMARY KEY ON PUBLIC.ODONTOLOGO(NUMERO_MATRICULA) ( /* key:2 */ 2, 'Michael', 'Fernandez')"; SQL statement:
INSERT INTO odontologo(numero_matricula, nombre, apellido) VALUES(?, ?, ?) [23505-214]
[2023-05-26 23:23:44] [ ERROR] [DaoOdontologo:121] Violación de indice de Unicidad ó Clave primaria: "PRIMARY KEY ON PUBLIC.ODONTOLOGO(NUMERO_MATRICULA) ( /* key:2 */ 2, 'Michael', 'Fernandez')"
Unique index or primary key violation: "PRIMARY KEY ON PUBLIC.ODONTOLOGO(NUMERO_MATRICULA) ( /* key:2 */ 2, 'Michael', 'Fernandez')"; SQL statement:
INSERT INTO odontologo(numero_matricula, nombre, apellido) VALUES(?, ?, ?) [23505-214]
[2023-05-26 23:25:22] [ ERROR] [DaoOdontologo:121] Violación de indice de Unicidad ó Clave primaria: "PRIMARY KEY ON PUBLIC.ODONTOLOGO(NUMERO_MATRICULA) ( /* key:2 */ 2, 'Michael', 'Fernandez')"
Unique index or primary key violation: "PRIMARY KEY ON PUBLIC.ODONTOLOGO(NUMERO_MATRICULA) ( /* key:2 */ 2, 'Michael', 'Fernandez')"; SQL statement:
INSERT INTO odontologo(numero_matricula, nombre, apellido) VALUES(?, ?, ?) [23505-214]
[2023-05-26 23:26:42] [ ERROR] [DaoOdontologo:121] Violación de indice de Unicidad ó Clave primaria: "PRIMARY KEY ON PUBLIC.ODONTOLOGO(NUMERO_MATRICULA) ( /* key:2 */ 2, 'Michael', 'Fernandez')"
Unique index or primary key violation: "PRIMARY KEY ON PUBLIC.ODONTOLOGO(NUMERO_MATRICULA) ( /* key:2 */ 2, 'Michael', 'Fernandez')"; SQL statement:
INSERT INTO odontologo(numero_matricula, nombre, apellido) VALUES(?, ?, ?) [23505-214]
[2023-05-26 23:28:28] [ ERROR] [DaoOdontologo:52] Error de Sintaxis en sentencia SQL "CREATE TABLE IF NOT EXISTS odontologo(\000d\000a    numero_matricula INT PRIMARY KEY,\000d\000a    nombre VARCHAR,\000d\000a    apellido VARCHAR,\000d\000a[*])"; se esperaba "identifier"
Syntax error in SQL statement "CREATE TABLE IF NOT EXISTS odontologo(\000d\000a    numero_matricula INT PRIMARY KEY,\000d\000a    nombre VARCHAR,\000d\000a    apellido VARCHAR,\000d\000a[*])"; expected "identifier"; SQL statement:
CREATE TABLE IF NOT EXISTS odontologo(
    numero_matricula INT PRIMARY KEY,
    nombre VARCHAR,
    apellido VARCHAR,
) [42001-214]
[2023-05-26 23:28:28] [ ERROR] [DaoOdontologo:121] Error de Sintaxis en sentencia SQL "CREATE TABLE IF NOT EXISTS odontologo(\000d\000a    numero_matricula INT PRIMARY KEY,\000d\000a    nombre VARCHAR,\000d\000a    apellido VARCHAR,\000d\000a[*])"; se esperaba "identifier"
Syntax error in SQL statement "CREATE TABLE IF NOT EXISTS odontologo(\000d\000a    numero_matricula INT PRIMARY KEY,\000d\000a    nombre VARCHAR,\000d\000a    apellido VARCHAR,\000d\000a[*])"; expected "identifier"; SQL statement:
CREATE TABLE IF NOT EXISTS odontologo(
    numero_matricula INT PRIMARY KEY,
    nombre VARCHAR,
    apellido VARCHAR,
) [42001-214]
[2023-05-26 23:28:29] [ ERROR] [DaoOdontologo:52] Error de Sintaxis en sentencia SQL "CREATE TABLE IF NOT EXISTS odontologo(\000d\000a    numero_matricula INT PRIMARY KEY,\000d\000a    nombre VARCHAR,\000d\000a    apellido VARCHAR,\000d\000a[*])"; se esperaba "identifier"
Syntax error in SQL statement "CREATE TABLE IF NOT EXISTS odontologo(\000d\000a    numero_matricula INT PRIMARY KEY,\000d\000a    nombre VARCHAR,\000d\000a    apellido VARCHAR,\000d\000a[*])"; expected "identifier"; SQL statement:
CREATE TABLE IF NOT EXISTS odontologo(
    numero_matricula INT PRIMARY KEY,
    nombre VARCHAR,
    apellido VARCHAR,
) [42001-214]
[2023-05-26 23:28:29] [ ERROR] [DaoOdontologo:52] Error de Sintaxis en sentencia SQL "CREATE TABLE IF NOT EXISTS odontologo(\000d\000a    numero_matricula INT PRIMARY KEY,\000d\000a    nombre VARCHAR,\000d\000a    apellido VARCHAR,\000d\000a[*])"; se esperaba "identifier"
Syntax error in SQL statement "CREATE TABLE IF NOT EXISTS odontologo(\000d\000a    numero_matricula INT PRIMARY KEY,\000d\000a    nombre VARCHAR,\000d\000a    apellido VARCHAR,\000d\000a[*])"; expected "identifier"; SQL statement:
CREATE TABLE IF NOT EXISTS odontologo(
    numero_matricula INT PRIMARY KEY,
    nombre VARCHAR,
    apellido VARCHAR,
) [42001-214]
[2023-05-26 23:28:29] [ ERROR] [DaoOdontologo:52] Error de Sintaxis en sentencia SQL "CREATE TABLE IF NOT EXISTS odontologo(\000d\000a    numero_matricula INT PRIMARY KEY,\000d\000a    nombre VARCHAR,\000d\000a    apellido VARCHAR,\000d\000a[*])"; se esperaba "identifier"
Syntax error in SQL statement "CREATE TABLE IF NOT EXISTS odontologo(\000d\000a    numero_matricula INT PRIMARY KEY,\000d\000a    nombre VARCHAR,\000d\000a    apellido VARCHAR,\000d\000a[*])"; expected "identifier"; SQL statement:
CREATE TABLE IF NOT EXISTS odontologo(
    numero_matricula INT PRIMARY KEY,
    nombre VARCHAR,
    apellido VARCHAR,
) [42001-214]
[2023-05-26 23:28:29] [ ERROR] [DaoOdontologo:52] Error de Sintaxis en sentencia SQL "CREATE TABLE IF NOT EXISTS odontologo(\000d\000a    numero_matricula INT PRIMARY KEY,\000d\000a    nombre VARCHAR,\000d\000a    apellido VARCHAR,\000d\000a[*])"; se esperaba "identifier"
Syntax error in SQL statement "CREATE TABLE IF NOT EXISTS odontologo(\000d\000a    numero_matricula INT PRIMARY KEY,\000d\000a    nombre VARCHAR,\000d\000a    apellido VARCHAR,\000d\000a[*])"; expected "identifier"; SQL statement:
CREATE TABLE IF NOT EXISTS odontologo(
    numero_matricula INT PRIMARY KEY,
    nombre VARCHAR,
    apellido VARCHAR,
) [42001-214]
[2023-05-26 23:28:29] [ ERROR] [DaoOdontologo:52] Error de Sintaxis en sentencia SQL "CREATE TABLE IF NOT EXISTS odontologo(\000d\000a    numero_matricula INT PRIMARY KEY,\000d\000a    nombre VARCHAR,\000d\000a    apellido VARCHAR,\000d\000a[*])"; se esperaba "identifier"
Syntax error in SQL statement "CREATE TABLE IF NOT EXISTS odontologo(\000d\000a    numero_matricula INT PRIMARY KEY,\000d\000a    nombre VARCHAR,\000d\000a    apellido VARCHAR,\000d\000a[*])"; expected "identifier"; SQL statement:
CREATE TABLE IF NOT EXISTS odontologo(
    numero_matricula INT PRIMARY KEY,
    nombre VARCHAR,
    apellido VARCHAR,
) [42001-214]
[2023-05-26 23:28:29] [ ERROR] [DaoOdontologo:52] Error de Sintaxis en sentencia SQL "CREATE TABLE IF NOT EXISTS odontologo(\000d\000a    numero_matricula INT PRIMARY KEY,\000d\000a    nombre VARCHAR,\000d\000a    apellido VARCHAR,\000d\000a[*])"; se esperaba "identifier"
Syntax error in SQL statement "CREATE TABLE IF NOT EXISTS odontologo(\000d\000a    numero_matricula INT PRIMARY KEY,\000d\000a    nombre VARCHAR,\000d\000a    apellido VARCHAR,\000d\000a[*])"; expected "identifier"; SQL statement:
CREATE TABLE IF NOT EXISTS odontologo(
    numero_matricula INT PRIMARY KEY,
    nombre VARCHAR,
    apellido VARCHAR,
) [42001-214]
[2023-05-26 23:28:29] [ ERROR] [DaoOdontologo:52] Error de Sintaxis en sentencia SQL "CREATE TABLE IF NOT EXISTS odontologo(\000d\000a    numero_matricula INT PRIMARY KEY,\000d\000a    nombre VARCHAR,\000d\000a    apellido VARCHAR,\000d\000a[*])"; se esperaba "identifier"
Syntax error in SQL statement "CREATE TABLE IF NOT EXISTS odontologo(\000d\000a    numero_matricula INT PRIMARY KEY,\000d\000a    nombre VARCHAR,\000d\000a    apellido VARCHAR,\000d\000a[*])"; expected "identifier"; SQL statement:
CREATE TABLE IF NOT EXISTS odontologo(
    numero_matricula INT PRIMARY KEY,
    nombre VARCHAR,
    apellido VARCHAR,
) [42001-214]
[2023-05-26 23:28:29] [ ERROR] [DaoOdontologo:121] Error de Sintaxis en sentencia SQL "CREATE TABLE IF NOT EXISTS odontologo(\000d\000a    numero_matricula INT PRIMARY KEY,\000d\000a    nombre VARCHAR,\000d\000a    apellido VARCHAR,\000d\000a[*])"; se esperaba "identifier"
Syntax error in SQL statement "CREATE TABLE IF NOT EXISTS odontologo(\000d\000a    numero_matricula INT PRIMARY KEY,\000d\000a    nombre VARCHAR,\000d\000a    apellido VARCHAR,\000d\000a[*])"; expected "identifier"; SQL statement:
CREATE TABLE IF NOT EXISTS odontologo(
    numero_matricula INT PRIMARY KEY,
    nombre VARCHAR,
    apellido VARCHAR,
) [42001-214]
[2023-05-26 23:29:24] [ ERROR] [DaoOdontologo:52] Error de Sintaxis en sentencia SQL "CREATE TABLE IF NOT EXISTS odontologo(\000d\000a    numero_matricula INT PRIMARY KEY,\000d\000a    nombre VARCHAR,\000d\000a    apellido VARCHAR,\000d\000a[*])"; se esperaba "identifier"
Syntax error in SQL statement "CREATE TABLE IF NOT EXISTS odontologo(\000d\000a    numero_matricula INT PRIMARY KEY,\000d\000a    nombre VARCHAR,\000d\000a    apellido VARCHAR,\000d\000a[*])"; expected "identifier"; SQL statement:
CREATE TABLE IF NOT EXISTS odontologo(
    numero_matricula INT PRIMARY KEY,
    nombre VARCHAR,
    apellido VARCHAR,
) [42001-214]
[2023-05-26 23:29:25] [ ERROR] [DaoOdontologo:121] Error de Sintaxis en sentencia SQL "CREATE TABLE IF NOT EXISTS odontologo(\000d\000a    numero_matricula INT PRIMARY KEY,\000d\000a    nombre VARCHAR,\000d\000a    apellido VARCHAR,\000d\000a[*])"; se esperaba "identifier"
Syntax error in SQL statement "CREATE TABLE IF NOT EXISTS odontologo(\000d\000a    numero_matricula INT PRIMARY KEY,\000d\000a    nombre VARCHAR,\000d\000a    apellido VARCHAR,\000d\000a[*])"; expected "identifier"; SQL statement:
CREATE TABLE IF NOT EXISTS odontologo(
    numero_matricula INT PRIMARY KEY,
    nombre VARCHAR,
    apellido VARCHAR,
) [42001-214]
[2023-05-26 23:31:32] [ ERROR] [DaoOdontologo:52] Error de Sintaxis en sentencia SQL "CREATE TABLE IF NOT EXISTS odontologo(\000d\000a    numero_matricula INT PRIMARY KEY,\000d\000a    nombre VARCHAR,\000d\000a    apellido VARCHAR,\000d\000a[*])"; se esperaba "identifier"
Syntax error in SQL statement "CREATE TABLE IF NOT EXISTS odontologo(\000d\000a    numero_matricula INT PRIMARY KEY,\000d\000a    nombre VARCHAR,\000d\000a    apellido VARCHAR,\000d\000a[*])"; expected "identifier"; SQL statement:
CREATE TABLE IF NOT EXISTS odontologo(
    numero_matricula INT PRIMARY KEY,
    nombre VARCHAR,
    apellido VARCHAR,
) [42001-214]
[2023-05-26 23:32:26] [ ERROR] [DaoOdontologo:121] Error de Sintaxis en sentencia SQL "CREATE TABLE IF NOT EXISTS odontologo(\000d\000a    numero_matricula INT PRIMARY KEY,\000d\000a    nombre VARCHAR,\000d\000a    apellido VARCHAR,\000d\000a[*])"; se esperaba "identifier"
Syntax error in SQL statement "CREATE TABLE IF NOT EXISTS odontologo(\000d\000a    numero_matricula INT PRIMARY KEY,\000d\000a    nombre VARCHAR,\000d\000a    apellido VARCHAR,\000d\000a[*])"; expected "identifier"; SQL statement:
CREATE TABLE IF NOT EXISTS odontologo(
    numero_matricula INT PRIMARY KEY,
    nombre VARCHAR,
    apellido VARCHAR,
) [42001-214]
[2023-05-26 23:33:48] [ ERROR] [DaoOdontologo:52] Error de Sintaxis en sentencia SQL "CREATE TABLE IF NOT EXISTS odontologo(\000d\000a    numero_matricula INT PRIMARY KEY,\000d\000a    nombre VARCHAR,\000d\000a    apellido VARCHAR,\000d\000a[*])"; se esperaba "identifier"
Syntax error in SQL statement "CREATE TABLE IF NOT EXISTS odontologo(\000d\000a    numero_matricula INT PRIMARY KEY,\000d\000a    nombre VARCHAR,\000d\000a    apellido VARCHAR,\000d\000a[*])"; expected "identifier"; SQL statement:
CREATE TABLE IF NOT EXISTS odontologo(
    numero_matricula INT PRIMARY KEY,
    nombre VARCHAR,
    apellido VARCHAR,
) [42001-214]
[2023-05-26 23:35:53] [ ERROR] [DaoOdontologo:121] Violación de indice de Unicidad ó Clave primaria: "PRIMARY KEY ON PUBLIC.ODONTOLOGO(NUMERO_MATRICULA) ( /* key:2 */ 2, 'Michael', 'Fernandez')"
Unique index or primary key violation: "PRIMARY KEY ON PUBLIC.ODONTOLOGO(NUMERO_MATRICULA) ( /* key:2 */ 2, 'Michael', 'Fernandez')"; SQL statement:
INSERT INTO odontologo(numero_matricula, nombre, apellido) VALUES(?, ?, ?) [23505-214]
[2023-05-26 23:36:41] [ ERROR] [DaoOdontologo:121] Violación de indice de Unicidad ó Clave primaria: "PRIMARY KEY ON PUBLIC.ODONTOLOGO(NUMERO_MATRICULA) ( /* key:2 */ 2, 'Michael', 'Fernandez')"
Unique index or primary key violation: "PRIMARY KEY ON PUBLIC.ODONTOLOGO(NUMERO_MATRICULA) ( /* key:2 */ 2, 'Michael', 'Fernandez')"; SQL statement:
INSERT INTO odontologo(numero_matricula, nombre, apellido) VALUES(?, ?, ?) [23505-214]
[2023-05-26 23:36:55] [ ERROR] [DaoOdontologo:121] Error de Sintaxis en sentencia SQL "CREATE TABLE IF NOT EXISTS odontologo(\000d\000a    numero_matricula INT PRIMARY KEY,\000d\000a    nombre VARCHAR,\000d\000a    apellido VARCHAR,\000d\000a[*])"; se esperaba "identifier"
Syntax error in SQL statement "CREATE TABLE IF NOT EXISTS odontologo(\000d\000a    numero_matricula INT PRIMARY KEY,\000d\000a    nombre VARCHAR,\000d\000a    apellido VARCHAR,\000d\000a[*])"; expected "identifier"; SQL statement:
CREATE TABLE IF NOT EXISTS odontologo(
    numero_matricula INT PRIMARY KEY,
    nombre VARCHAR,
    apellido VARCHAR,
) [42001-214]
[2023-05-26 23:37:48] [ ERROR] [DaoOdontologo:121] Violación de indice de Unicidad ó Clave primaria: "PRIMARY KEY ON PUBLIC.ODONTOLOGO(NUMERO_MATRICULA) ( /* key:2 */ 2, 'Michael', 'Fernandez')"
Unique index or primary key violation: "PRIMARY KEY ON PUBLIC.ODONTOLOGO(NUMERO_MATRICULA) ( /* key:2 */ 2, 'Michael', 'Fernandez')"; SQL statement:
INSERT INTO odontologo(numero_matricula, nombre, apellido) VALUES(?, ?, ?) [23505-214]
[2023-05-26 23:38:48] [ ERROR] [DaoOdontologo:121] Violación de indice de Unicidad ó Clave primaria: "PRIMARY KEY ON PUBLIC.ODONTOLOGO(NUMERO_MATRICULA) ( /* key:2 */ 2, 'Michael', 'Fernandez')"
Unique index or primary key violation: "PRIMARY KEY ON PUBLIC.ODONTOLOGO(NUMERO_MATRICULA) ( /* key:2 */ 2, 'Michael', 'Fernandez')"; SQL statement:
INSERT INTO odontologo(numero_matricula, nombre, apellido) VALUES(?, ?, ?) [23505-214]
[2023-05-26 23:40:43] [ ERROR] [DaoOdontologo:121] Violación de indice de Unicidad ó Clave primaria: "PRIMARY KEY ON PUBLIC.ODONTOLOGO(NUMERO_MATRICULA) ( /* key:2 */ 2, 'Michael', 'Fernandez')"
Unique index or primary key violation: "PRIMARY KEY ON PUBLIC.ODONTOLOGO(NUMERO_MATRICULA) ( /* key:2 */ 2, 'Michael', 'Fernandez')"; SQL statement:
INSERT INTO odontologo(numero_matricula, nombre, apellido) VALUES(?, ?, ?) [23505-214]
[2023-05-26 23:41:40] [ ERROR] [DaoOdontologo:121] Violación de indice de Unicidad ó Clave primaria: "PRIMARY KEY ON PUBLIC.ODONTOLOGO(NUMERO_MATRICULA) ( /* key:2 */ 2, 'Michael', 'Fernandez')"
Unique index or primary key violation: "PRIMARY KEY ON PUBLIC.ODONTOLOGO(NUMERO_MATRICULA) ( /* key:2 */ 2, 'Michael', 'Fernandez')"; SQL statement:
INSERT INTO odontologo(numero_matricula, nombre, apellido) VALUES(?, ?, ?) [23505-214]
[2023-05-26 23:47:58] [ ERROR] [DaoOdontologo:121] Violación de indice de Unicidad ó Clave primaria: "PRIMARY KEY ON PUBLIC.ODONTOLOGO(NUMERO_MATRICULA) ( /* key:2 */ 2, 'Michael', 'Fernandez')"
Unique index or primary key violation: "PRIMARY KEY ON PUBLIC.ODONTOLOGO(NUMERO_MATRICULA) ( /* key:2 */ 2, 'Michael', 'Fernandez')"; SQL statement:
INSERT INTO odontologo(numero_matricula, nombre, apellido) VALUES(?, ?, ?) [23505-214]
[2023-05-26 23:48:27] [ ERROR] [DaoOdontologo:52] La base de datos esta abierta en modo EXCLUSIVO; no puede abrir conexiones adicionales
The database is open in exclusive mode; can not open additional connections; SQL statement:
CREATE TABLE IF NOT EXISTS odontologo(
    numero_matricula INT PRIMARY KEY,
    nombre VARCHAR,
    apellido VARCHAR
) [90135-214]
[2023-05-26 23:48:46] [ ERROR] [DaoOdontologo:121] Violación de indice de Unicidad ó Clave primaria: "PRIMARY KEY ON PUBLIC.ODONTOLOGO(NUMERO_MATRICULA) ( /* key:2 */ 2, 'Michael', 'Fernandez')"
Unique index or primary key violation: "PRIMARY KEY ON PUBLIC.ODONTOLOGO(NUMERO_MATRICULA) ( /* key:2 */ 2, 'Michael', 'Fernandez')"; SQL statement:
INSERT INTO odontologo(numero_matricula, nombre, apellido) VALUES(?, ?, ?) [23505-214]
[2023-05-26 23:50:26] [ ERROR] [DaoOdontologo:121] Violación de indice de Unicidad ó Clave primaria: "PRIMARY KEY ON PUBLIC.ODONTOLOGO(NUMERO_MATRICULA) ( /* key:2 */ 2, 'Michael', 'Fernandez')"
Unique index or primary key violation: "PRIMARY KEY ON PUBLIC.ODONTOLOGO(NUMERO_MATRICULA) ( /* key:2 */ 2, 'Michael', 'Fernandez')"; SQL statement:
INSERT INTO odontologo(numero_matricula, nombre, apellido) VALUES(?, ?, ?) [23505-214]
[2023-05-26 23:52:01] [ ERROR] [DaoOdontologo:121] Violación de indice de Unicidad ó Clave primaria: "PRIMARY KEY ON PUBLIC.ODONTOLOGO(NUMERO_MATRICULA) ( /* key:2 */ 2, 'Michael', 'Fernandez')"
Unique index or primary key violation: "PRIMARY KEY ON PUBLIC.ODONTOLOGO(NUMERO_MATRICULA) ( /* key:2 */ 2, 'Michael', 'Fernandez')"; SQL statement:
INSERT INTO odontologo(numero_matricula, nombre, apellido) VALUES(?, ?, ?) [23505-214]
